2024-04-24T18:44:16.093Z - Error: ENOENT: no such file or directory, lstat 'C:\Programming\Web\CSIT-Link\node_scripts\import_devices_dump.log'
2024-04-24T18:44:17.193Z - Obtaining RMM devices...
2024-04-24T18:44:20.577Z - Obtained 100 of 2522 devices...
2024-04-24T18:44:21.252Z - Obtained 200 of 2522 devices...
2024-04-24T18:44:21.976Z - Obtained 300 of 2522 devices...
2024-04-24T18:44:22.701Z - Obtained 400 of 2522 devices...
2024-04-24T18:44:23.369Z - Obtained 500 of 2522 devices...
2024-04-24T18:44:24.027Z - Obtained 600 of 2522 devices...
2024-04-24T18:45:08.957Z - Error: ENOENT: no such file or directory, lstat 'C:\Programming\Web\CSIT-Link\node_scripts\import_devices_dump.log'
2024-04-24T18:45:09.641Z - Obtaining RMM devices...
2024-04-24T18:45:13.492Z - Obtained 100 of 2522 devices...
2024-04-24T18:45:14.279Z - Obtained 200 of 2522 devices...
2024-04-24T18:45:14.282Z - Obtained 200 RMM devices...
2024-04-24T18:45:14.284Z - Clearing device table...
2024-04-24T18:45:14.426Z - Obtaining devices for 8 sites...
2024-04-24T18:45:17.441Z - Starting site 1385 Dental Studio with ID 7
2024-04-24T18:45:17.446Z - SiteID: 110 found 0 RMM devices
2024-04-24T18:45:17.448Z - SiteID: 41215017-fd20-4408-bd8a-7557715e0546 found 0 AV devices
2024-04-24T18:45:17.451Z - Completed site 1385 Dental Studio: Collected 0 unique devices
2024-04-24T18:45:20.466Z - Starting site Aaxia Chemical Insurance Services with ID 8
2024-04-24T18:45:20.470Z - SiteID: 168 found 0 RMM devices
2024-04-24T18:45:20.471Z - SiteID: 0e9d0f65-c9e7-4e61-990d-eaac2b80d54d found 0 AV devices
2024-04-24T18:45:20.472Z - Completed site Aaxia Chemical Insurance Services: Collected 0 unique devices
2024-04-24T18:45:23.478Z - Starting site Akron Smiles with ID 9
2024-04-24T18:45:23.481Z - SiteID: 4 found 2 RMM devices
2024-04-24T18:45:23.484Z - SiteID: 57ad7d1e-cf84-4ffe-9018-ca93303441c0 found 0 AV devices
2024-04-24T18:45:23.717Z - Completed site Akron Smiles: Collected 2 unique devices
2024-04-24T18:45:26.723Z - Starting site Atlas Dental - Matt Herring with ID 10
2024-04-24T18:45:26.726Z - SiteID: 106 found 0 RMM devices
2024-04-24T18:45:26.729Z - SiteID: 893d66d7-91a6-4982-8ef4-4580b4a8242c found 0 AV devices
2024-04-24T18:45:26.732Z - Completed site Atlas Dental - Matt Herring: Collected 0 unique devices
2024-04-24T18:45:29.748Z - Starting site Barber Welding with ID 11
2024-04-24T18:45:29.753Z - SiteID: 174 found 2 RMM devices
2024-04-24T18:45:29.756Z - SiteID: 84c8c474-9a68-4a1b-98af-90aaccec2121 found 0 AV devices
2024-04-24T18:45:29.965Z - Completed site Barber Welding: Collected 2 unique devices
2024-04-24T18:45:32.969Z - Starting site Barstow Children's Dentistry with ID 12
2024-04-24T18:45:32.972Z - SiteID: 122 found 0 RMM devices
2024-04-24T18:45:32.975Z - SiteID: 84251f16-0038-4462-a97d-153edad5fa84 found 0 AV devices
2024-04-24T18:45:32.977Z - Completed site Barstow Children's Dentistry: Collected 0 unique devices
2024-04-24T18:45:35.990Z - Starting site Best Care Dental with ID 13
2024-04-24T18:45:35.993Z - SiteID: 176 found 0 RMM devices
2024-04-24T18:45:35.996Z - SiteID: bad362a2-cf03-408e-af83-261032350c92 found 0 AV devices
2024-04-24T18:45:35.999Z - Completed site Best Care Dental: Collected 0 unique devices
2024-04-24T18:45:39.010Z - Starting site Clark Oral and Facial Surgery - Burley with ID 14
2024-04-24T18:45:39.014Z - SiteID: 91 found 1 RMM devices
2024-04-24T18:45:39.017Z - {}
2024-04-24T18:46:02.626Z - Error: ENOENT: no such file or directory, lstat 'C:\Programming\Web\CSIT-Link\node_scripts\import_devices_dump.log'
2024-04-24T18:46:03.252Z - Obtaining RMM devices...
2024-04-24T18:46:04.064Z - Obtained 100 of 2522 devices...
2024-04-24T18:46:06.740Z - Obtained 200 of 2522 devices...
2024-04-24T18:46:06.742Z - Obtained 200 RMM devices...
2024-04-24T18:46:06.746Z - Clearing device table...
2024-04-24T18:46:06.828Z - Obtaining devices for 8 sites...
2024-04-24T18:46:09.844Z - Starting site 1385 Dental Studio with ID 7
2024-04-24T18:46:09.848Z - SiteID: 110 found 0 RMM devices
2024-04-24T18:46:09.851Z - SiteID: 41215017-fd20-4408-bd8a-7557715e0546 found 0 AV devices
2024-04-24T18:46:09.855Z - Completed site 1385 Dental Studio: Collected 0 unique devices
2024-04-24T18:46:12.862Z - Starting site Aaxia Chemical Insurance Services with ID 8
2024-04-24T18:46:12.864Z - SiteID: 168 found 0 RMM devices
2024-04-24T18:46:12.866Z - SiteID: 0e9d0f65-c9e7-4e61-990d-eaac2b80d54d found 0 AV devices
2024-04-24T18:46:12.867Z - Completed site Aaxia Chemical Insurance Services: Collected 0 unique devices
2024-04-24T18:46:15.880Z - Starting site Akron Smiles with ID 9
2024-04-24T18:46:15.882Z - SiteID: 4 found 2 RMM devices
2024-04-24T18:46:15.884Z - SiteID: 57ad7d1e-cf84-4ffe-9018-ca93303441c0 found 0 AV devices
2024-04-24T18:46:16.050Z - Completed site Akron Smiles: Collected 2 unique devices
2024-04-24T18:46:31.118Z - Error: ENOENT: no such file or directory, lstat 'C:\Programming\Web\CSIT-Link\node_scripts\import_devices_dump.log'
2024-04-24T18:46:31.783Z - Obtaining RMM devices...
2024-04-24T18:46:42.230Z - Obtained 100 of 2522 devices...
2024-04-24T18:46:42.863Z - Obtained 200 of 2522 devices...
2024-04-24T18:46:42.868Z - Obtained 200 RMM devices...
2024-04-24T18:46:42.869Z - Clearing device table...
2024-04-24T18:46:42.950Z - Obtaining devices for 8 sites...
2024-04-24T18:46:45.967Z - Starting site 1385 Dental Studio with ID 7
2024-04-24T18:46:45.970Z - SiteID: 110 found 0 RMM devices
2024-04-24T18:46:45.975Z - {}
2024-04-24T18:47:30.237Z - Error: ENOENT: no such file or directory, lstat 'C:\Programming\Web\CSIT-Link\node_scripts\import_devices_dump.log'
2024-04-24T18:47:30.900Z - Obtaining RMM devices...
2024-04-24T18:47:42.230Z - Obtained 100 of 2522 devices...
2024-04-24T18:47:42.986Z - Obtained 200 of 2522 devices...
2024-04-24T18:47:42.989Z - Obtained 200 RMM devices...
2024-04-24T18:47:42.991Z - Clearing device table...
2024-04-24T18:47:43.084Z - Obtaining devices for 8 sites...
2024-04-24T18:47:46.093Z - Starting site 1385 Dental Studio with ID 7
2024-04-24T18:47:46.098Z - SiteID: 110 found 0 RMM devices
2024-04-24T18:47:46.101Z - {}
2024-04-24T18:49:39.617Z - Error: ENOENT: no such file or directory, lstat 'C:\Programming\Web\CSIT-Link\node_scripts\import_devices_dump.log'
2024-04-24T18:49:40.287Z - Obtaining RMM devices...
2024-04-24T18:49:40.289Z - Obtained 0 RMM devices...
2024-04-24T18:49:40.290Z - Clearing device table...
2024-04-24T18:49:40.392Z - Obtaining devices for 8 sites...
2024-04-24T18:49:43.408Z - Starting site 1385 Dental Studio with ID 7
2024-04-24T18:49:43.411Z - SiteID: 110 found 0 RMM devices
2024-04-24T18:49:43.429Z - Script aborted...
2024-04-24T18:49:43.432Z - {}
2024-04-24T18:51:30.359Z - Error: ENOENT: no such file or directory, lstat 'C:\Programming\Web\CSIT-Link\node_scripts\import_devices_dump.log'
2024-04-24T18:51:31.021Z - Obtaining RMM devices...
2024-04-24T18:51:31.023Z - Obtained 0 RMM devices...
2024-04-24T18:51:31.024Z - Clearing device table...
2024-04-24T18:51:31.103Z - Obtaining devices for 8 sites...
2024-04-24T18:51:34.115Z - Starting site 1385 Dental Studio with ID 7
2024-04-24T18:51:34.118Z - SiteID: 110 found 0 RMM devices
2024-04-24T18:51:34.139Z - Script aborted...
2024-04-24T18:51:34.141Z - {}
2024-04-24T18:53:46.071Z - Error: ENOENT: no such file or directory, lstat 'C:\Programming\Web\CSIT-Link\node_scripts\import_devices_dump.log'
2024-04-24T18:53:46.777Z - Obtaining RMM devices...
2024-04-24T18:53:46.783Z - Obtained 0 RMM devices...
2024-04-24T18:53:46.784Z - Clearing device table...
2024-04-24T18:53:46.893Z - Obtaining devices for 8 sites...
2024-04-24T18:53:49.903Z - Starting site 1385 Dental Studio with ID 7
2024-04-24T18:53:49.906Z - SiteID: 110 found 0 RMM devices
2024-04-24T18:53:49.923Z - {}
2024-04-24T18:53:52.938Z - Starting site Aaxia Chemical Insurance Services with ID 8
2024-04-24T18:53:52.941Z - SiteID: 168 found 0 RMM devices
2024-04-24T18:53:52.944Z - {}
2024-04-24T18:53:55.949Z - Starting site Akron Smiles with ID 9
2024-04-24T18:53:55.952Z - SiteID: 4 found 0 RMM devices
2024-04-24T18:53:55.955Z - {}
2024-04-24T18:53:58.961Z - Starting site Atlas Dental - Matt Herring with ID 10
2024-04-24T18:53:58.964Z - SiteID: 106 found 0 RMM devices
2024-04-24T18:53:58.967Z - {}
2024-04-24T18:55:09.371Z - Error: ENOENT: no such file or directory, lstat 'C:\Programming\Web\CSIT-Link\node_scripts\import_devices_dump.log'
2024-04-24T18:55:10.034Z - Obtaining RMM devices...
2024-04-24T18:55:10.035Z - Obtained 0 RMM devices...
2024-04-24T18:55:10.037Z - Clearing device table...
2024-04-24T18:55:10.121Z - Obtaining devices for 8 sites...
2024-04-24T18:55:13.135Z - Starting site 1385 Dental Studio with ID 7
2024-04-24T18:55:13.138Z - SiteID: 110 found 0 RMM devices
2024-04-24T18:55:16.406Z - SiteID: 41215017-fd20-4408-bd8a-7557715e0546 found 14 AV devices
2024-04-24T18:55:16.592Z - Completed site 1385 Dental Studio: Collected 13 unique devices
2024-04-24T18:55:19.603Z - Starting site Aaxia Chemical Insurance Services with ID 8
2024-04-24T18:55:19.607Z - SiteID: 168 found 0 RMM devices
2024-04-24T18:55:20.715Z - SiteID: 0e9d0f65-c9e7-4e61-990d-eaac2b80d54d found 2 AV devices
2024-04-24T18:55:20.937Z - Completed site Aaxia Chemical Insurance Services: Collected 2 unique devices
