2024-04-14T03:21:45.043Z - Finished in 0.011583333333333333 minutes!
2024-04-14T03:22:34.593Z - Obtaining devices for 7 sites...
2024-04-14T03:22:34.605Z - Finished in 0.011416666666666667 minutes!
2024-04-14T03:25:10.859Z - Obtaining devices for 7 sites...
2024-04-14T03:25:14.351Z - Site 1385 Dental Studio with ID 7: Collected 13 devices
2024-04-14T03:25:15.717Z - Site Aaxia Chemical Insurance Services with ID 8: Collected 2 devices
2024-04-14T03:25:17.993Z - Site Akron Smiles with ID 9: Collected 25 devices
2024-04-14T03:25:19.692Z - Site Atlas Dental - Matt Herring with ID 10: Collected 19 devices
2024-04-14T03:25:21.388Z - Site Barber Welding with ID 11: Collected 8 devices
2024-04-14T03:25:22.732Z - Site Barstow Children's Dentistry with ID 12: Collected 11 devices
2024-04-14T03:25:24.222Z - Site Best Care Dental with ID 13: Collected 9 devices
2024-04-14T03:25:24.223Z - Finished in 0.23475000000000001 minutes!
2024-04-14T03:25:37.050Z - Obtaining devices for 7 sites...
2024-04-14T03:25:40.376Z - Site 1385 Dental Studio with ID 7: Collected 13 devices
2024-04-14T03:25:41.706Z - Site Aaxia Chemical Insurance Services with ID 8: Collected 2 devices
2024-04-14T03:25:43.187Z - Site Akron Smiles with ID 9: Collected 25 devices
2024-04-14T03:25:44.684Z - Site Atlas Dental - Matt Herring with ID 10: Collected 19 devices
2024-04-14T03:25:46.199Z - Site Barber Welding with ID 11: Collected 8 devices
2024-04-14T03:25:47.676Z - Site Barstow Children's Dentistry with ID 12: Collected 11 devices
2024-04-14T03:25:49.153Z - Site Best Care Dental with ID 13: Collected 9 devices
2024-04-14T03:25:49.153Z - Finished in 0.21273333333333333 minutes!
2024-04-14T03:26:02.519Z - Obtaining devices for 7 sites...
2024-04-14T03:26:05.266Z - Site 1385 Dental Studio with ID 7: Collected 13 devices
2024-04-14T03:26:06.556Z - Site Aaxia Chemical Insurance Services with ID 8: Collected 2 devices
2024-04-14T03:26:08.296Z - Site Akron Smiles with ID 9: Collected 25 devices
2024-04-14T03:26:09.806Z - Site Atlas Dental - Matt Herring with ID 10: Collected 19 devices
2024-04-14T03:26:11.123Z - Site Barber Welding with ID 11: Collected 8 devices
2024-04-14T03:26:12.667Z - Site Barstow Children's Dentistry with ID 12: Collected 11 devices
2024-04-14T03:26:13.960Z - Site Best Care Dental with ID 13: Collected 9 devices
2024-04-14T03:26:13.960Z - Finished in 0.20173333333333332 minutes!
2024-04-14T03:28:08.660Z - Obtaining devices for 7 sites...
2024-04-14T03:28:11.782Z - Site 1385 Dental Studio with ID 7: Collected 13 devices
2024-04-14T03:28:12.971Z - Site Aaxia Chemical Insurance Services with ID 8: Collected 2 devices
2024-04-14T03:28:14.607Z - Site Akron Smiles with ID 9: Collected 25 devices
2024-04-14T03:28:16.409Z - Site Atlas Dental - Matt Herring with ID 10: Collected 19 devices
2024-04-14T03:28:18.075Z - Site Barber Welding with ID 11: Collected 8 devices
2024-04-14T03:28:19.829Z - Site Barstow Children's Dentistry with ID 12: Collected 11 devices
2024-04-14T03:28:21.329Z - Finished in 0.22216666666666668 minutes!
2024-04-14T03:28:21.329Z - Site Best Care Dental with ID 13: Collected 9 devices
2024-04-14T06:21:44.169Z - Obtaining devices for 7 sites...
2024-04-14T06:21:44.195Z - {"cause":{"errno":-4078,"code":"ECONNREFUSED","syscall":"connect","address":"::1","port":2301}}
2024-04-14T06:22:17.216Z - Obtaining devices for 7 sites...
2024-04-14T06:22:21.739Z - Site 1385 Dental Studio with ID 7: Collected 13 devices
2024-04-14T06:22:23.191Z - Site Aaxia Chemical Insurance Services with ID 8: Collected 2 devices
2024-04-14T06:22:26.244Z - Site Akron Smiles with ID 9: Collected 25 devices
2024-04-14T06:22:28.984Z - Site Atlas Dental - Matt Herring with ID 10: Collected 19 devices
2024-04-14T06:22:31.235Z - Site Barber Welding with ID 11: Collected 8 devices
2024-04-14T06:22:33.477Z - Site Barstow Children's Dentistry with ID 12: Collected 11 devices
2024-04-14T06:22:35.511Z - Site Best Care Dental with ID 13: Collected 9 devices
2024-04-14T06:22:35.512Z - Finished in 0.3166333333333334 minutes!
